 INFO [main] (TeamGenerator.java:142) - Team 1
Thilo 
Victor 
Jason F
Tim 

 INFO [main] (TeamGenerator.java:142) - Team 2
Ian 
Pat 
Bruno 
Jyoti 

 INFO [main] (TeamGenerator.java:142) - Team 3
Mike 
Leo 
Galyna 
Nazih 

 INFO [main] (TeamGenerator.java:142) - Team 4
Scott 
Jen 
Dave S
Marty 

 INFO [main] (TeamGenerator.java:142) - Team 5
Brett 
Amy 
Jathin 
Pranith 

 INFO [main] (TeamGenerator.java:142) - Team 6
Anne 
Jonathan 
Andres 
Doug 

 INFO [main] (TeamGenerator.java:142) - Team 7
Steve 
Karthik 
Edward 
Judy 

 INFO [main] (TeamGenerator.java:142) - Team 8
Carl 
Corey 
Jim L
Michelle 

 INFO [main] (TeamGenerator.java:142) - Team 9
Justus 
Ed 
Sue K
Alicia 

